<?xml version="1.0" encoding="UTF-8"?>
<!-- Generated by org.testng.reporters.JUnitXMLReporter -->
<testsuite ignored="0" hostname="LAPTOP-9RODM70P" failures="0" tests="4" name="Default test" time="2.363" errors="0" timestamp="2026-02-14T21:58:37 IST">
  <testcase classname="com.DummyJSON.API.Tests.getAllComments" name="printResponse" time="0.08"/>
  <testcase classname="com.DummyJSON.API.Tests.getAllComments" name="checkStatusCode" time="0.005"/>
  <testcase classname="com.DummyJSON.API.Tests.getAllComments" name="checkResponseHeaders" time="0.002"/>
  <testcase classname="com.DummyJSON.API.Tests.getAllComments" name="extractResponse" time="0.453"/>
</testsuite> <!-- Default test -->
