<?xml version="1.0" encoding="UTF-8"?>
<!-- Generated by org.testng.reporters.JUnitXMLReporter -->
<testsuite ignored="0" hostname="LAPTOP-9RODM70P" failures="0" tests="4" name="Default test" time="2.769" errors="0" timestamp="2026-02-05T01:24:45 IST">
  <testcase classname="com.DummyJSON.API.Tests.getUserDetails" name="printResponse" time="0.053"/>
  <testcase classname="com.DummyJSON.API.Tests.getUserDetails" name="validateResponseCode" time="0.004"/>
  <testcase classname="com.DummyJSON.API.Tests.getUserDetails" name="storeCredentials" time="0.461"/>
  <testcase classname="com.DummyJSON.API.Tests.getUserDetails" name="checkLoginResponse" time="0.51"/>
</testsuite> <!-- Default test -->
