<?xml version="1.0" encoding="UTF-8"?>
<!-- Generated by org.testng.reporters.JUnitXMLReporter -->
<testsuite ignored="0" hostname="LAPTOP-9RODM70P" failures="0" tests="2" name="Products API Tests" time="1.517" errors="0" timestamp="2026-02-05T00:18:57 IST">
  <testcase classname="com.DummyJSON.API.Tests.getAllProducts" name="getResponseBody" time="0.11"/>
  <testcase classname="com.DummyJSON.API.Tests.getAllProducts" name="checkStatusCode" time="0.002"/>
</testsuite> <!-- Products API Tests -->
