<?xml version="1.0" encoding="UTF-8"?>
<!-- Generated by org.testng.reporters.JUnitXMLReporter -->
<testsuite ignored="0" hostname="LAPTOP-9RODM70P" failures="0" tests="2" name="Products API Tests" time="1.535" errors="0" timestamp="2026-02-05T00:42:44 IST">
  <testcase classname="com.DummyJSON.API.Tests.getAllProducts" name="getResponseBody" time="0.111"/>
  <testcase classname="com.DummyJSON.API.Tests.getAllProducts" name="checkStatusCode" time="0.004"/>
</testsuite> <!-- Products API Tests -->
