<?xml version="1.0" encoding="UTF-8"?>
<testng-results ignored="0" total="4" passed="4" failed="0" skipped="0">
  <reporter-output>
  </reporter-output>
  <suite started-at="2026-02-14T21:58:35 IST" name="Default suite" finished-at="2026-02-14T21:58:37 IST" duration-ms="2363">
    <groups>
    </groups>
    <test started-at="2026-02-14T21:58:35 IST" name="Default test" finished-at="2026-02-14T21:58:37 IST" duration-ms="2363">
      <class name="com.DummyJSON.API.Tests.getAllComments">
        <test-method is-config="true" signature="setup()[pri:0, instance:com.DummyJSON.API.Tests.getAllComments@351d00c0]" started-at="2026-02-14T21:58:35 IST" name="setup" finished-at="2026-02-14T21:58:35 IST" duration-ms="305" status="PASS">
          <reporter-output>
          </reporter-output>
        </test-method> <!-- setup -->
        <test-method is-config="true" signature="getResponse()[pri:0, instance:com.DummyJSON.API.Tests.getAllComments@351d00c0]" started-at="2026-02-14T21:58:35 IST" name="getResponse" finished-at="2026-02-14T21:58:37 IST" duration-ms="1464" status="PASS">
          <reporter-output>
          </reporter-output>
        </test-method> <!-- getResponse -->
        <test-method signature="printResponse()[pri:1, instance:com.DummyJSON.API.Tests.getAllComments@351d00c0]" started-at="2026-02-14T21:58:37 IST" name="printResponse" finished-at="2026-02-14T21:58:37 IST" duration-ms="80" status="PASS">
          <reporter-output>
          </reporter-output>
        </test-method> <!-- printResponse -->
        <test-method signature="checkStatusCode()[pri:2, instance:com.DummyJSON.API.Tests.getAllComments@351d00c0]" started-at="2026-02-14T21:58:37 IST" name="checkStatusCode" finished-at="2026-02-14T21:58:37 IST" duration-ms="5" status="PASS">
          <reporter-output>
          </reporter-output>
        </test-method> <!-- checkStatusCode -->
        <test-method signature="checkResponseHeaders()[pri:3, instance:com.DummyJSON.API.Tests.getAllComments@351d00c0]" started-at="2026-02-14T21:58:37 IST" name="checkResponseHeaders" finished-at="2026-02-14T21:58:37 IST" duration-ms="2" status="PASS">
          <reporter-output>
          </reporter-output>
        </test-method> <!-- checkResponseHeaders -->
        <test-method signature="extractResponse()[pri:4, instance:com.DummyJSON.API.Tests.getAllComments@351d00c0]" started-at="2026-02-14T21:58:37 IST" name="extractResponse" finished-at="2026-02-14T21:58:37 IST" duration-ms="453" status="PASS">
          <reporter-output>
          </reporter-output>
        </test-method> <!-- extractResponse -->
      </class> <!-- com.DummyJSON.API.Tests.getAllComments -->
    </test> <!-- Default test -->
  </suite> <!-- Default suite -->
</testng-results>
