<?xml version="1.0" encoding="UTF-8"?>
<testng-results ignored="0" total="2" passed="2" failed="0" skipped="0">
  <reporter-output>
  </reporter-output>
  <suite started-at="2026-02-09T22:08:48 IST" name="Default suite" finished-at="2026-02-09T22:08:51 IST" duration-ms="2235">
    <groups>
    </groups>
    <test started-at="2026-02-09T22:08:48 IST" name="Default test" finished-at="2026-02-09T22:08:51 IST" duration-ms="2235">
      <class name="com.DummyJSON.API.Tests.getAllPosts">
        <test-method is-config="true" signature="setup()[pri:0, instance:com.DummyJSON.API.Tests.getAllPosts@293a5bf6]" started-at="2026-02-09T22:08:48 IST" name="setup" finished-at="2026-02-09T22:08:49 IST" duration-ms="287" status="PASS">
          <reporter-output>
          </reporter-output>
        </test-method> <!-- setup -->
        <test-method is-config="true" signature="getResponse()[pri:0, instance:com.DummyJSON.API.Tests.getAllPosts@293a5bf6]" started-at="2026-02-09T22:08:49 IST" name="getResponse" finished-at="2026-02-09T22:08:50 IST" duration-ms="1368" status="PASS">
          <reporter-output>
          </reporter-output>
        </test-method> <!-- getResponse -->
        <test-method signature="checkResponseCode()[pri:1, instance:com.DummyJSON.API.Tests.getAllPosts@293a5bf6]" started-at="2026-02-09T22:08:50 IST" name="checkResponseCode" finished-at="2026-02-09T22:08:50 IST" duration-ms="9" status="PASS">
          <reporter-output>
          </reporter-output>
        </test-method> <!-- checkResponseCode -->
        <test-method signature="extractResponse()[pri:2, instance:com.DummyJSON.API.Tests.getAllPosts@293a5bf6]" started-at="2026-02-09T22:08:50 IST" name="extractResponse" finished-at="2026-02-09T22:08:51 IST" duration-ms="538" status="PASS">
          <reporter-output>
          </reporter-output>
        </test-method> <!-- extractResponse -->
      </class> <!-- com.DummyJSON.API.Tests.getAllPosts -->
    </test> <!-- Default test -->
  </suite> <!-- Default suite -->
</testng-results>
