<?xml version="1.0" encoding="UTF-8"?>
<!-- Generated by org.testng.reporters.JUnitReportReporter -->
<testsuite hostname="LAPTOP-9RODM70P" failures="0" tests="2" name="com.DummyJSON.API.Tests.checkLoginCreds" time="0.504" errors="0" timestamp="2026-02-15T21:08:29 IST" skipped="0">
  <testcase classname="com.DummyJSON.API.Tests.checkLoginCreds" name="logResponse" time="0.057"/>
  <testcase classname="com.DummyJSON.API.Tests.checkLoginCreds" name="storeToken" time="0.447"/>
</testsuite> <!-- com.DummyJSON.API.Tests.checkLoginCreds -->
