<?xml version="1.0" encoding="UTF-8"?>
<!-- Generated by org.testng.reporters.JUnitReportReporter -->
<testsuite hostname="LAPTOP-9RODM70P" failures="0" tests="3" name="com.DummyJSON.API.GETRequestTests.getAllProductsTest" time="0.747" errors="0" timestamp="2026-02-20T18:29:49 IST" skipped="0">
  <testcase classname="com.DummyJSON.API.GETRequestTests.getAllProductsTest" name="getResponseBody" time="0.113"/>
  <testcase classname="com.DummyJSON.API.GETRequestTests.getAllProductsTest" name="checkStatusCode" time="0.004"/>
  <testcase classname="com.DummyJSON.API.GETRequestTests.getAllProductsTest" name="extractResponseData" time="0.630"/>
</testsuite> <!-- com.DummyJSON.API.GETRequestTests.getAllProductsTest -->
