<?xml version="1.0" encoding="UTF-8"?>
<!-- Generated by org.testng.reporters.JUnitReportReporter -->
<testsuite hostname="LAPTOP-9RODM70P" failures="0" tests="3" name="com.DummyJSON.API.Tests.getAllUsers" time="0.112" errors="0" timestamp="2026-02-15T20:15:16 IST" skipped="0">
  <testcase classname="com.DummyJSON.API.Tests.getAllUsers" name="printResponse" time="0.100"/>
  <testcase classname="com.DummyJSON.API.Tests.getAllUsers" name="checkResponseCode" time="0.005"/>
  <testcase classname="com.DummyJSON.API.Tests.getAllUsers" name="validateResponseHeader" time="0.007"/>
</testsuite> <!-- com.DummyJSON.API.Tests.getAllUsers -->
