<?xml version="1.0" encoding="UTF-8"?>
<!-- Generated by org.testng.reporters.JUnitReportReporter -->
<testsuite hostname="LAPTOP-9RODM70P" failures="0" tests="5" name="com.DummyJSON.API.GETRequestTests.getSingleUserTest" time="0.624" errors="0" timestamp="2026-02-20T21:37:11 IST" skipped="0">
  <testcase classname="com.DummyJSON.API.GETRequestTests.getSingleUserTest" name="logResponseBody" time="0.051"/>
  <testcase classname="com.DummyJSON.API.GETRequestTests.getSingleUserTest" name="verifyStatusCode" time="0.003"/>
  <testcase classname="com.DummyJSON.API.GETRequestTests.getSingleUserTest" name="verifyHeaderContentType" time="0.001"/>
  <testcase classname="com.DummyJSON.API.GETRequestTests.getSingleUserTest" name="extractResponseData" time="0.402"/>
  <testcase classname="com.DummyJSON.API.GETRequestTests.getSingleUserTest" name="extractUserInfo" time="0.167"/>
</testsuite> <!-- com.DummyJSON.API.GETRequestTests.getSingleUserTest -->
