<?xml version="1.0" encoding="UTF-8"?>
<!-- Generated by org.testng.reporters.JUnitReportReporter -->
<testsuite hostname="LAPTOP-9RODM70P" failures="0" tests="5" name="com.DummyJSON.API.Tests.getAllComments" time="0.619" errors="0" timestamp="2026-02-15T19:57:46 IST" skipped="0">
  <testcase classname="com.DummyJSON.API.Tests.getAllComments" name="printResponse" time="0.054"/>
  <testcase classname="com.DummyJSON.API.Tests.getAllComments" name="checkStatusCode" time="0.005"/>
  <testcase classname="com.DummyJSON.API.Tests.getAllComments" name="checkResponseHeaders" time="0.001"/>
  <testcase classname="com.DummyJSON.API.Tests.getAllComments" name="extractResponse" time="0.472"/>
  <testcase classname="com.DummyJSON.API.Tests.getAllComments" name="checkId" time="0.087"/>
</testsuite> <!-- com.DummyJSON.API.Tests.getAllComments -->
