<?xml version="1.0" encoding="UTF-8"?>
<!-- Generated by org.testng.reporters.JUnitReportReporter -->
<testsuite hostname="LAPTOP-9RODM70P" failures="0" tests="3" name="com.DummyJSON.API.Tests.getAllProductsTest" time="0.647" errors="0" timestamp="2026-02-08T19:19:40 IST" skipped="0">
  <testcase classname="com.DummyJSON.API.Tests.getAllProductsTest" name="getResponseBody" time="0.101"/>
  <testcase classname="com.DummyJSON.API.Tests.getAllProductsTest" name="checkStatusCode" time="0.004"/>
  <testcase classname="com.DummyJSON.API.Tests.getAllProductsTest" name="extractResponseData" time="0.542"/>
</testsuite> <!-- com.DummyJSON.API.Tests.getAllProductsTest -->
