<?xml version="1.0" encoding="UTF-8"?>
<!-- Generated by org.testng.reporters.JUnitReportReporter -->
<testsuite hostname="LAPTOP-9RODM70P" failures="0" tests="3" name="com.DummyJSON.API.Tests.getAllUsersTest" time="0.114" errors="0" timestamp="2026-02-17T18:20:49 IST" skipped="0">
  <testcase classname="com.DummyJSON.API.Tests.getAllUsersTest" name="printResponse" time="0.108"/>
  <testcase classname="com.DummyJSON.API.Tests.getAllUsersTest" name="checkResponseCode" time="0.005"/>
  <testcase classname="com.DummyJSON.API.Tests.getAllUsersTest" name="validateResponseHeader" time="0.001"/>
</testsuite> <!-- com.DummyJSON.API.Tests.getAllUsersTest -->
