<?xml version="1.0" encoding="UTF-8"?>
<!-- Generated by org.testng.reporters.JUnitReportReporter -->
<testsuite hostname="LAPTOP-9RODM70P" failures="0" tests="5" name="com.DummyJSON.API.Tests.getSingleUserTest" time="0.708" errors="0" timestamp="2026-02-15T21:05:12 IST" skipped="0">
  <testcase classname="com.DummyJSON.API.Tests.getSingleUserTest" name="logResponseBody" time="0.050"/>
  <testcase classname="com.DummyJSON.API.Tests.getSingleUserTest" name="verifyStatusCode" time="0.003"/>
  <testcase classname="com.DummyJSON.API.Tests.getSingleUserTest" name="verifyHeaderContentType" time="0.002"/>
  <testcase classname="com.DummyJSON.API.Tests.getSingleUserTest" name="extractResponseData" time="0.460"/>
  <testcase classname="com.DummyJSON.API.Tests.getSingleUserTest" name="extractUserInfo" time="0.193"/>
</testsuite> <!-- com.DummyJSON.API.Tests.getSingleUserTest -->
