<?xml version="1.0" encoding="UTF-8"?>
<!-- Generated by org.testng.reporters.JUnitReportReporter -->
<testsuite hostname="LAPTOP-9RODM70P" failures="0" tests="2" name="com.DummyJSON.API.Tests.getCartsTest" time="0.104" errors="0" timestamp="2026-02-09T00:55:33 IST" skipped="0">
  <testcase classname="com.DummyJSON.API.Tests.getCartsTest" name="printResponse" time="0.098"/>
  <testcase classname="com.DummyJSON.API.Tests.getCartsTest" name="checkResponseCode" time="0.006"/>
</testsuite> <!-- com.DummyJSON.API.Tests.getCartsTest -->
