<?xml version="1.0" encoding="UTF-8"?>
<!-- Generated by org.testng.reporters.JUnitReportReporter -->
<testsuite hostname="LAPTOP-9RODM70P" failures="0" tests="2" name="com.DummyJSON.API.Tests.getAllPostsTest" time="0.515" errors="0" timestamp="2026-02-17T18:18:26 IST" skipped="0">
  <testcase classname="com.DummyJSON.API.Tests.getAllPostsTest" name="checkResponseCode" time="0.010"/>
  <testcase classname="com.DummyJSON.API.Tests.getAllPostsTest" name="extractResponse" time="0.505"/>
</testsuite> <!-- com.DummyJSON.API.Tests.getAllPostsTest -->
