<?xml version="1.0" encoding="UTF-8"?>
<!-- Generated by org.testng.reporters.JUnitReportReporter -->
<testsuite hostname="LAPTOP-9RODM70P" failures="0" tests="5" name="com.DummyJSON.API.GETRequestTests.getProductbyidTest" time="0.873" errors="0" timestamp="2026-02-20T18:46:54 IST" skipped="0">
  <testcase classname="com.DummyJSON.API.GETRequestTests.getProductbyidTest" name="printResponse" time="0.049"/>
  <testcase classname="com.DummyJSON.API.GETRequestTests.getProductbyidTest" name="checkStatusCode" time="0.002"/>
  <testcase classname="com.DummyJSON.API.GETRequestTests.getProductbyidTest" name="checkResponseBody" time="0.424"/>
  <testcase classname="com.DummyJSON.API.GETRequestTests.getProductbyidTest" name="storeResponseDimension" time="0.018"/>
  <testcase classname="com.DummyJSON.API.GETRequestTests.getProductbyidTest" name="validateJsonSchema" time="0.380"/>
</testsuite> <!-- com.DummyJSON.API.GETRequestTests.getProductbyidTest -->
