<?xml version="1.0" encoding="UTF-8"?>
<!-- Generated by org.testng.reporters.JUnitReportReporter -->
<testsuite hostname="LAPTOP-9RODM70P" failures="0" tests="3" name="com.DummyJSON.API.Tests.getSingleRecipeById" time="0.472" errors="0" timestamp="2026-02-07T19:56:15 IST" skipped="0">
  <testcase classname="com.DummyJSON.API.Tests.getSingleRecipeById" name="printResponse" time="0.053"/>
  <testcase classname="com.DummyJSON.API.Tests.getSingleRecipeById" name="checkStatusCode" time="0.004"/>
  <testcase classname="com.DummyJSON.API.Tests.getSingleRecipeById" name="checkData" time="0.415"/>
</testsuite> <!-- com.DummyJSON.API.Tests.getSingleRecipeById -->
