<?xml version="1.0" encoding="UTF-8"?>
<!-- Generated by org.testng.reporters.JUnitReportReporter -->
<testsuite hostname="LAPTOP-9RODM70P" failures="0" tests="2" name="com.DummyJSON.API.Tests.getAllProducts" time="0.128" errors="0" timestamp="2026-02-03T22:47:25 IST" skipped="0">
  <testcase classname="com.DummyJSON.API.Tests.getAllProducts" name="getResponseBody" time="0.123"/>
  <testcase classname="com.DummyJSON.API.Tests.getAllProducts" name="checkStatusCode" time="0.005"/>
</testsuite> <!-- com.DummyJSON.API.Tests.getAllProducts -->
