<?xml version="1.0" encoding="UTF-8"?>
<!-- Generated by org.testng.reporters.JUnitReportReporter -->
<testsuite hostname="LAPTOP-9RODM70P" failures="0" tests="2" name="com.DummyJSON.API.Tests.getSingleComment" time="0.441" errors="0" timestamp="2026-02-14T22:21:44 IST" skipped="0">
  <testcase classname="com.DummyJSON.API.Tests.getSingleComment" name="printResponse" time="0.047"/>
  <testcase classname="com.DummyJSON.API.Tests.getSingleComment" name="checkResponse" time="0.394"/>
</testsuite> <!-- com.DummyJSON.API.Tests.getSingleComment -->
