<?xml version="1.0" encoding="UTF-8"?>
<!-- Generated by org.testng.reporters.JUnitReportReporter -->
<testsuite hostname="LAPTOP-9RODM70P" failures="0" tests="2" name="com.DummyJSON.API.Tests.getAllProducts" time="0.112" errors="0" timestamp="2026-02-05T00:18:57 IST" skipped="0">
  <testcase classname="com.DummyJSON.API.Tests.getAllProducts" name="getResponseBody" time="0.110"/>
  <testcase classname="com.DummyJSON.API.Tests.getAllProducts" name="checkStatusCode" time="0.002"/>
</testsuite> <!-- com.DummyJSON.API.Tests.getAllProducts -->
