<?xml version="1.0" encoding="UTF-8"?>
<!-- Generated by org.testng.reporters.JUnitReportReporter -->
<testsuite hostname="LAPTOP-9RODM70P" failures="0" tests="2" name="com.DummyJSON.API.GETRequestTests.getSingleCartTest" time="0.477" errors="0" timestamp="2026-02-20T21:06:09 IST" skipped="0">
  <testcase classname="com.DummyJSON.API.GETRequestTests.getSingleCartTest" name="printResponse" time="0.051"/>
  <testcase classname="com.DummyJSON.API.GETRequestTests.getSingleCartTest" name="extractTtile" time="0.426"/>
</testsuite> <!-- com.DummyJSON.API.GETRequestTests.getSingleCartTest -->
