<?xml version="1.0" encoding="UTF-8"?>
<!-- Generated by org.testng.reporters.JUnitReportReporter -->
<testsuite hostname="LAPTOP-9RODM70P" failures="0" tests="4" name="com.DummyJSON.API.Tests.getAllComments" time="0.540" errors="0" timestamp="2026-02-14T21:58:38 IST" skipped="0">
  <testcase classname="com.DummyJSON.API.Tests.getAllComments" name="printResponse" time="0.080"/>
  <testcase classname="com.DummyJSON.API.Tests.getAllComments" name="checkStatusCode" time="0.005"/>
  <testcase classname="com.DummyJSON.API.Tests.getAllComments" name="checkResponseHeaders" time="0.002"/>
  <testcase classname="com.DummyJSON.API.Tests.getAllComments" name="extractResponse" time="0.453"/>
</testsuite> <!-- com.DummyJSON.API.Tests.getAllComments -->
