<?xml version="1.0" encoding="UTF-8"?>
<!-- Generated by org.testng.reporters.JUnitReportReporter -->
<testsuite hostname="LAPTOP-9RODM70P" failures="0" tests="2" name="com.DummyJSON.API.Tests.getAllPosts" time="0.547" errors="0" timestamp="2026-02-09T22:08:51 IST" skipped="0">
  <testcase classname="com.DummyJSON.API.Tests.getAllPosts" name="checkResponseCode" time="0.009"/>
  <testcase classname="com.DummyJSON.API.Tests.getAllPosts" name="extractResponse" time="0.538"/>
</testsuite> <!-- com.DummyJSON.API.Tests.getAllPosts -->
