<?xml version="1.0" encoding="UTF-8"?>
<!-- Generated by org.testng.reporters.JUnitReportReporter -->
<testsuite hostname="LAPTOP-9RODM70P" failures="0" tests="2" name="com.DummyJSON.API.Tests.getSingleCartTest" time="0.510" errors="0" timestamp="2026-02-09T01:05:57 IST" skipped="0">
  <testcase classname="com.DummyJSON.API.Tests.getSingleCartTest" name="printResponse" time="0.060"/>
  <testcase classname="com.DummyJSON.API.Tests.getSingleCartTest" name="extractTtile" time="0.450"/>
</testsuite> <!-- com.DummyJSON.API.Tests.getSingleCartTest -->
