<?xml version="1.0" encoding="UTF-8"?>
<!-- Generated by org.testng.reporters.JUnitReportReporter -->
<testsuite hostname="LAPTOP-9RODM70P" failures="0" tests="3" name="com.DummyJSON.API.Tests.getProductbyid" time="0.475" errors="0" timestamp="2026-02-05T00:15:41 IST" skipped="0">
  <testcase classname="com.DummyJSON.API.Tests.getProductbyid" name="printResponse" time="0.062"/>
  <testcase classname="com.DummyJSON.API.Tests.getProductbyid" name="checkStatusCode" time="0.003"/>
  <testcase classname="com.DummyJSON.API.Tests.getProductbyid" name="checkResponseBody" time="0.410"/>
</testsuite> <!-- com.DummyJSON.API.Tests.getProductbyid -->
