<?xml version="1.0" encoding="UTF-8"?>
<!-- Generated by org.testng.reporters.JUnitReportReporter -->
<testsuite hostname="LAPTOP-9RODM70P" failures="0" tests="4" name="com.DummyJSON.API.Tests.getProductbyidTest" time="0.530" errors="0" timestamp="2026-02-11T22:09:07 IST" skipped="0">
  <testcase classname="com.DummyJSON.API.Tests.getProductbyidTest" name="printResponse" time="0.058"/>
  <testcase classname="com.DummyJSON.API.Tests.getProductbyidTest" name="checkStatusCode" time="0.004"/>
  <testcase classname="com.DummyJSON.API.Tests.getProductbyidTest" name="checkResponseBody" time="0.448"/>
  <testcase classname="com.DummyJSON.API.Tests.getProductbyidTest" name="storeResponseDimension" time="0.020"/>
</testsuite> <!-- com.DummyJSON.API.Tests.getProductbyidTest -->
